{"uuid":"46903224-de1b-4a65-b4a3-25245eaa9672","historyId":"bc2053bc6ddf17a789bdd159cd3df4c5","fullName":"com.lemon.cases.UserInfoCase.test","labels":[{"name":"package","value":"com.lemon.cases.UserInfoCase"},{"name":"testClass","value":"com.lemon.cases.UserInfoCase"},{"name":"testMethod","value":"test"},{"name":"parentSuite","value":"futureloan"},{"name":"suite","value":"管理员用户信息"},{"name":"subSuite","value":"com.lemon.cases.UserInfoCase"},{"name":"host","value":"LAPTOP-G2P2MI3J"},{"name":"thread","value":"944@LAPTOP-G2P2MI3J.main(1)"}],"links":[],"name":"用户信息测试","status":"failed","statusDetails":{"known":false,"muted":false,"flaky":false,"message":"expected [PASSED] but found [FAILED]","trace":"java.lang.AssertionError: expected [PASSED] but found [FAILED]\r\n\tat org.testng.Assert.fail(Assert.java:93)\r\n\tat org.testng.Assert.failNotEquals(Assert.java:512)\r\n\tat org.testng.Assert.assertEqualsImpl(Assert.java:134)\r\n\tat org.testng.Assert.assertEquals(Assert.java:115)\r\n\tat org.testng.Assert.assertEquals(Assert.java:189)\r\n\tat org.testng.Assert.assertEquals(Assert.java:199)\r\n\tat com.lemon.cases.UserInfoCase.test_aroundBody0(UserInfoCase.java:43)\r\n\tat com.lemon.cases.UserInfoCase$AjcClosure1.run(UserInfoCase.java:1)\r\n\tat org.aspectj.runtime.reflect.JoinPointImpl.proceed(JoinPointImpl.java:149)\r\n\tat io.qameta.allure.aspects.StepsAspects.step(StepsAspects.java:51)\r\n\tat com.lemon.cases.UserInfoCase.test(UserInfoCase.java:24)\r\n\tat sun.reflect.NativeMethodAccessorImpl.invoke0(Native Method)\r\n\tat sun.reflect.NativeMethodAccessorImpl.invoke(NativeMethodAccessorImpl.java:62)\r\n\tat sun.reflect.DelegatingMethodAccessorImpl.invoke(DelegatingMethodAccessorImpl.java:43)\r\n\tat java.lang.reflect.Method.invoke(Method.java:498)\r\n\tat org.testng.internal.MethodInvocationHelper.invokeMethod(MethodInvocationHelper.java:108)\r\n\tat org.testng.internal.Invoker.invokeMethod(Invoker.java:661)\r\n\tat org.testng.internal.Invoker.invokeTestMethod(Invoker.java:869)\r\n\tat org.testng.internal.Invoker.invokeTestMethods(Invoker.java:1193)\r\n\tat org.testng.internal.TestMethodWorker.invokeTestMethods(TestMethodWorker.java:126)\r\n\tat org.testng.internal.TestMethodWorker.run(TestMethodWorker.java:109)\r\n\tat org.testng.TestRunner.privateRun(TestRunner.java:744)\r\n\tat org.testng.TestRunner.run(TestRunner.java:602)\r\n\tat org.testng.SuiteRunner.runTest(SuiteRunner.java:380)\r\n\tat org.testng.SuiteRunner.runSequentially(SuiteRunner.java:375)\r\n\tat org.testng.SuiteRunner.privateRun(SuiteRunner.java:340)\r\n\tat org.testng.SuiteRunner.run(SuiteRunner.java:289)\r\n\tat org.testng.SuiteRunnerWorker.runSuite(SuiteRunnerWorker.java:52)\r\n\tat org.testng.SuiteRunnerWorker.run(SuiteRunnerWorker.java:86)\r\n\tat org.testng.TestNG.runSuitesSequentially(TestNG.java:1301)\r\n\tat org.testng.TestNG.runSuitesLocally(TestNG.java:1226)\r\n\tat org.testng.TestNG.runSuites(TestNG.java:1144)\r\n\tat org.testng.TestNG.run(TestNG.java:1115)\r\n\tat com.intellij.rt.testng.IDEARemoteTestNG.run(IDEARemoteTestNG.java:66)\r\n\tat com.intellij.rt.testng.RemoteTestNGStarter.main(RemoteTestNGStarter.java:109)\r\n"},"stage":"finished","start":1597411356095,"stop":1597411356174,"steps":[{"name":"Type 1 - http://111.229.164.84:7300/mock/5f368f0740605800160731f7/example_copy/member/11/info","status":"failed","statusDetails":{"known":false,"muted":false,"flaky":false,"message":"expected [PASSED] but found [FAILED]","trace":"java.lang.AssertionError: expected [PASSED] but found [FAILED]\r\n\tat org.testng.Assert.fail(Assert.java:93)\r\n\tat org.testng.Assert.failNotEquals(Assert.java:512)\r\n\tat org.testng.Assert.assertEqualsImpl(Assert.java:134)\r\n\tat org.testng.Assert.assertEquals(Assert.java:115)\r\n\tat org.testng.Assert.assertEquals(Assert.java:189)\r\n\tat org.testng.Assert.assertEquals(Assert.java:199)\r\n\tat com.lemon.cases.UserInfoCase.test_aroundBody0(UserInfoCase.java:43)\r\n\tat com.lemon.cases.UserInfoCase$AjcClosure1.run(UserInfoCase.java:1)\r\n\tat org.aspectj.runtime.reflect.JoinPointImpl.proceed(JoinPointImpl.java:149)\r\n\tat io.qameta.allure.aspects.StepsAspects.step(StepsAspects.java:51)\r\n\tat com.lemon.cases.UserInfoCase.test(UserInfoCase.java:24)\r\n\tat sun.reflect.NativeMethodAccessorImpl.invoke0(Native Method)\r\n\tat sun.reflect.NativeMethodAccessorImpl.invoke(NativeMethodAccessorImpl.java:62)\r\n\tat sun.reflect.DelegatingMethodAccessorImpl.invoke(DelegatingMethodAccessorImpl.java:43)\r\n\tat java.lang.reflect.Method.invoke(Method.java:498)\r\n\tat org.testng.internal.MethodInvocationHelper.invokeMethod(MethodInvocationHelper.java:108)\r\n\tat org.testng.internal.Invoker.invokeMethod(Invoker.java:661)\r\n\tat org.testng.internal.Invoker.invokeTestMethod(Invoker.java:869)\r\n\tat org.testng.internal.Invoker.invokeTestMethods(Invoker.java:1193)\r\n\tat org.testng.internal.TestMethodWorker.invokeTestMethods(TestMethodWorker.java:126)\r\n\tat org.testng.internal.TestMethodWorker.run(TestMethodWorker.java:109)\r\n\tat org.testng.TestRunner.privateRun(TestRunner.java:744)\r\n\tat org.testng.TestRunner.run(TestRunner.java:602)\r\n\tat org.testng.SuiteRunner.runTest(SuiteRunner.java:380)\r\n\tat org.testng.SuiteRunner.runSequentially(SuiteRunner.java:375)\r\n\tat org.testng.SuiteRunner.privateRun(SuiteRunner.java:340)\r\n\tat org.testng.SuiteRunner.run(SuiteRunner.java:289)\r\n\tat org.testng.SuiteRunnerWorker.runSuite(SuiteRunnerWorker.java:52)\r\n\tat org.testng.SuiteRunnerWorker.run(SuiteRunnerWorker.java:86)\r\n\tat org.testng.TestNG.runSuitesSequentially(TestNG.java:1301)\r\n\tat org.testng.TestNG.runSuitesLocally(TestNG.java:1226)\r\n\tat org.testng.TestNG.runSuites(TestNG.java:1144)\r\n\tat org.testng.TestNG.run(TestNG.java:1115)\r\n\tat com.intellij.rt.testng.IDEARemoteTestNG.run(IDEARemoteTestNG.java:66)\r\n\tat com.intellij.rt.testng.RemoteTestNGStarter.main(RemoteTestNGStarter.java:109)\r\n"},"stage":"finished","start":1597411356095,"stop":1597411356174,"steps":[{"name":"参数化","status":"passed","stage":"finished","start":1597411356096,"stop":1597411356096,"parameters":[{"name":"caseInfo","value":"CaseInfo{id=1, name='info', method='GET', url='http://111.229.164.84:7300/mock/5f368f0740605800160731f7/example_copy/member/11/info', params='null', contentType='json', expectedResult='{\"$.code\":0,\"$.msg\":\"OK\"}', sql='null'}"}]}],"parameters":[{"name":"caseInfo","value":"CaseInfo{id=1, name='info', method='GET', url='http://111.229.164.84:7300/mock/5f368f0740605800160731f7/example_copy/member/11/info', params='null', contentType='json', expectedResult='{\"$.code\":0,\"$.msg\":\"OK\"}', sql='null'}"}]}],"parameters":[{"name":"sheetIndex","value":"7"},{"name":"arg0","value":"CaseInfo{id=1, name='info', method='GET', url='http://111.229.164.84:7300/mock/5f368f0740605800160731f7/example_copy/member/11/info', params='null', contentType='json', expectedResult='{\"$.code\":0,\"$.msg\":\"OK\"}', sql='null'}"}]}