<?xml version="1.0" encoding="UTF-8"?>
<!-- Generated by org.testng.reporters.JUnitXMLReporter -->
<testsuite hostname="LAPTOP-G2P2MI3J" ignored="0" name="注册接口" tests="6" failures="5" timestamp="14 八月 2020 12:51:44 GMT" time="5.16" errors="0">
  <testcase name="test" time="1.245" classname="com.lemon.cases.RegisterCase">
    <failure type="java.lang.AssertionError" message="expected [PASSED] but found [FAILED]">
      <![CDATA[java.lang.AssertionError: expected [PASSED] but found [FAILED]
	at com.lemon.cases.RegisterCase.test(RegisterCase.java:41)
... Removed 35 stack frames]]>
    </failure>
  </testcase> <!-- test -->
  <testcase name="test" time="0.147" classname="com.lemon.cases.RegisterCase">
    <failure type="java.lang.AssertionError" message="expected [PASSED] but found [FAILED]">
      <![CDATA[java.lang.AssertionError: expected [PASSED] but found [FAILED]
	at com.lemon.cases.RegisterCase.test(RegisterCase.java:41)
... Removed 35 stack frames]]>
    </failure>
  </testcase> <!-- test -->
  <testcase name="test" time="0.148" classname="com.lemon.cases.RegisterCase">
    <failure type="java.lang.AssertionError" message="expected [PASSED] but found [FAILED]">
      <![CDATA[java.lang.AssertionError: expected [PASSED] but found [FAILED]
	at com.lemon.cases.RegisterCase.test(RegisterCase.java:41)
... Removed 35 stack frames]]>
    </failure>
  </testcase> <!-- test -->
  <testcase name="test" time="0.141" classname="com.lemon.cases.RegisterCase">
    <failure type="java.lang.AssertionError" message="expected [PASSED] but found [FAILED]">
      <![CDATA[java.lang.AssertionError: expected [PASSED] but found [FAILED]
	at com.lemon.cases.RegisterCase.test(RegisterCase.java:41)
... Removed 35 stack frames]]>
    </failure>
  </testcase> <!-- test -->
  <testcase name="test" time="1.032" classname="com.lemon.cases.RegisterCase"/>
  <testcase name="test" time="0.575" classname="com.lemon.cases.RegisterCase">
    <failure type="java.lang.AssertionError" message="expected [PASSED] but found [FAILED]">
      <![CDATA[java.lang.AssertionError: expected [PASSED] but found [FAILED]
	at com.lemon.cases.RegisterCase.test(RegisterCase.java:41)
... Removed 35 stack frames]]>
    </failure>
  </testcase> <!-- test -->
</testsuite> <!-- 注册接口 -->
